  --non-interactive is not supported, use $CI=1 instead
λ  WARN  props.pointerEvents is deprecated. Use style.pointerEvents 
  console.warn (C:\Users\DELL\OneDrive\Desktop\majors\CrossBits\crossbits\node_modules\@expo\cli\src\start\server\serverLogLikeMetro.ts:177:21)
  warnOnce (C:\Users\DELL\OneDrive\Desktop\majors\CrossBits\crossbits\node_modules\react-native-web\dist\modules\warnOnce\index.js:24:13)
  createDOMProps (C:\Users\DELL\OneDrive\Desktop\majors\CrossBits\crossbits\node_modules\react-native-web\dist\modules\createDOMProps\index.js:805:13)
  createElement (C:\Users\DELL\OneDrive\Desktop\majors\CrossBits\crossbits\node_modules\react-native-web\dist\exports\createElement\index.js:23:32)
  Component (C:\Users\DELL\OneDrive\Desktop\majors\CrossBits\crossbits\node_modules\react-native-web\dist\exports\View\index.js:111:23)
  Object.callComponentInDEV [as react_stack_bottom_frame] (C:\Users\DELL\OneDrive\Desktop\majors\CrossBits\crossbits\node_modules\react-dom\cjs\react-dom-server-legacy.node.development.js:9808:18)
  renderWithHooks (C:\Users\DELL\OneDrive\Desktop\majors\CrossBits\crossbits\node_modules\react-dom\cjs\react-dom-server-legacy.node.development.js:5062:19)
  run (C:\Users\DELL\OneDrive\Desktop\majors\CrossBits\crossbits\node_modules\react-dom\cjs\react-dom-server-legacy.node.development.js:6017:39)
  retryNode (C:\Users\DELL\OneDrive\Desktop\majors\CrossBits\crossbits\node_modules\react-dom\cjs\react-dom-server-legacy.node.development.js:6417:31)
  renderNodeDestructive (C:\Users\DELL\OneDrive\Desktop\majors\CrossBits\crossbits\node_modules\react-dom\cjs\react-dom-server-legacy.node.development.js:6367:11)
λ  WARN  props.pointerEvents is deprecated. Use style.pointerEvents 
  console.warn (C:\Users\DELL\OneDrive\Desktop\majors\CrossBits\crossbits\node_modules\@expo\cli\src\start\server\serverLogLikeMetro.ts:177:21)
  warnOnce (C:\Users\DELL\OneDrive\Desktop\majors\CrossBits\crossbits\node_modules\react-native-web\dist\modules\warnOnce\index.js:24:13)
  createDOMProps (C:\Users\DELL\OneDrive\Desktop\majors\CrossBits\crossbits\node_modules\react-native-web\dist\modules\createDOMProps\index.js:805:13)
  createElement (C:\Users\DELL\OneDrive\Desktop\majors\CrossBits\crossbits\node_modules\react-native-web\dist\exports\createElement\index.js:23:32)
  Component (C:\Users\DELL\OneDrive\Desktop\majors\CrossBits\crossbits\node_modules\react-native-web\dist\exports\View\index.js:111:23)
  Object.callComponentInDEV [as react_stack_bottom_frame] (C:\Users\DELL\OneDrive\Desktop\majors\CrossBits\crossbits\node_modules\react-dom\cjs\react-dom-server-legacy.node.development.js:9808:18)
  renderWithHooks (C:\Users\DELL\OneDrive\Desktop\majors\CrossBits\crossbits\node_modules\react-dom\cjs\react-dom-server-legacy.node.development.js:5062:19)
  run (C:\Users\DELL\OneDrive\Desktop\majors\CrossBits\crossbits\node_modules\react-dom\cjs\react-dom-server-legacy.node.development.js:6017:39)
  retryNode (C:\Users\DELL\OneDrive\Desktop\majors\CrossBits\crossbits\node_modules\react-dom\cjs\react-dom-server-legacy.node.development.js:6417:31)
  renderNodeDestructive (C:\Users\DELL\OneDrive\Desktop\majors\CrossBits\crossbits\node_modules\react-dom\cjs\react-dom-server-legacy.node.development.js:6367:11)
λ  WARN  props.pointerEvents is deprecated. Use style.pointerEvents 
  console.warn (C:\Users\DELL\OneDrive\Desktop\majors\CrossBits\crossbits\node_modules\@expo\cli\src\start\server\serverLogLikeMetro.ts:177:21)
  warnOnce (C:\Users\DELL\OneDrive\Desktop\majors\CrossBits\crossbits\node_modules\react-native-web\dist\modules\warnOnce\index.js:24:13)
  createDOMProps (C:\Users\DELL\OneDrive\Desktop\majors\CrossBits\crossbits\node_modules\react-native-web\dist\modules\createDOMProps\index.js:805:13)
  createElement (C:\Users\DELL\OneDrive\Desktop\majors\CrossBits\crossbits\node_modules\react-native-web\dist\exports\createElement\index.js:23:32)
  callComponentInDEV (C:\Users\DELL\OneDrive\Desktop\majors\CrossBits\crossbits\node_modules\react-native-web\dist\exports\View\index.js:111:23)
  Object.react_stack_bottom_frame (C:\Users\DELL\OneDrive\Desktop\majors\CrossBits\crossbits\node_modules\react-dom\cjs\react-dom-server-legacy.node.development.js:9811:7)
  renderWithHooks (C:\Users\DELL\OneDrive\Desktop\majors\CrossBits\crossbits\node_modules\react-dom\cjs\react-dom-server-legacy.node.development.js:5075:5)
  renderElement (C:\Users\DELL\OneDrive\Desktop\majors\CrossBits\crossbits\node_modules\react-dom\cjs\react-dom-server-legacy.node.development.js:6035:33)
  retryNode (C:\Users\DELL\OneDrive\Desktop\majors\CrossBits\crossbits\node_modules\react-dom\cjs\react-dom-server-legacy.node.development.js:6433:16)
  renderNodeDestructive (C:\Users\DELL\OneDrive\Desktop\majors\CrossBits\crossbits\node_modules\react-dom\cjs\react-dom-server-legacy.node.development.js:6372:27)
^C